<?xml version="1.0" encoding="UTF-8"?>
<!-- Generated by org.testng.reporters.JUnitReportReporter -->
<testsuite hostname="DESKTOP-G3NU5E4" failures="0" tests="1" name="WindowHandeler.HandelWindow" time="4.047" errors="1" timestamp="28 Jun 2020 19:10:56 GMT" skipped="0">
  <testcase classname="WindowHandeler.HandelWindow" name="WindowHandler" time="4.047">
    <error message="session not created: This version of ChromeDriver only supports Chrome version 79
Build info: version: &#039;3.14.0&#039;, revision: &#039;aacccce0&#039;, time: &#039;2018-08-02T20:19:58.91Z&#039;
System info: host: &#039;DESKTOP-G3NU5E4&#039;, ip: &#039;192.168.60.1&#039;, os.name: &#039;Windows 10&#039;, os.arch: &#039;amd64&#039;, os.version: &#039;10.0&#039;, java.version: &#039;11.0.5&#039;
Driver info: driver.version: ChromeDriver
remote stacktrace: Backtrace:
	Ordinal0 [0x0073A113+1548563]
	Ordinal0 [0x006BDDA1+1039777]
	Ordinal0 [0x0063E485+517253]
	Ordinal0 [0x005CFD34+64820]
	Ordinal0 [0x005CC61E+50718]
	Ordinal0 [0x005EB797+178071]
	Ordinal0 [0x005EB59D+177565]
	Ordinal0 [0x005E95FB+169467]
	Ordinal0 [0x005D160A+71178]
	Ordinal0 [0x005D2690+75408]
	Ordinal0 [0x005D2629+75305]
	Ordinal0 [0x006D71B7+1143223]
	GetHandleVerifier [0x007D2B46+507814]
	GetHandleVerifier [0x007D2864+507076]
	GetHandleVerifier [0x007D9F47+537511]
	GetHandleVerifier [0x007D3402+510050]
	Ordinal0 [0x006CF29C+1110684]
	Ordinal0 [0x006D938B+1151883]
	Ordinal0 [0x006D94F3+1152243]
	Ordinal0 [0x006D83F5+1147893]
	BaseThreadInitThunk [0x76966359+25]
	RtlGetAppContainerNamedObjectPath [0x77637C24+228]
	RtlGetAppContainerNamedObjectPath [0x77637BF4+180]
" type="org.openqa.selenium.SessionNotCreatedException">
      <![CDATA[org.openqa.selenium.SessionNotCreatedException: session not created: This version of ChromeDriver only supports Chrome version 79
Build info: version: '3.14.0', revision: 'aacccce0', time: '2018-08-02T20:19:58.91Z'
System info: host: 'DESKTOP-G3NU5E4', ip: '192.168.60.1', os.name: 'Windows 10', os.arch: 'amd64', os.version: '10.0', java.version: '11.0.5'
Driver info: driver.version: ChromeDriver
remote stacktrace: Backtrace:
Ordinal0 [0x0073A113+1548563]
Ordinal0 [0x006BDDA1+1039777]
Ordinal0 [0x0063E485+517253]
Ordinal0 [0x005CFD34+64820]
Ordinal0 [0x005CC61E+50718]
Ordinal0 [0x005EB797+178071]
Ordinal0 [0x005EB59D+177565]
Ordinal0 [0x005E95FB+169467]
Ordinal0 [0x005D160A+71178]
Ordinal0 [0x005D2690+75408]
Ordinal0 [0x005D2629+75305]
Ordinal0 [0x006D71B7+1143223]
GetHandleVerifier [0x007D2B46+507814]
GetHandleVerifier [0x007D2864+507076]
GetHandleVerifier [0x007D9F47+537511]
GetHandleVerifier [0x007D3402+510050]
Ordinal0 [0x006CF29C+1110684]
Ordinal0 [0x006D938B+1151883]
Ordinal0 [0x006D94F3+1152243]
Ordinal0 [0x006D83F5+1147893]
BaseThreadInitThunk [0x76966359+25]
RtlGetAppContainerNamedObjectPath [0x77637C24+228]
RtlGetAppContainerNamedObjectPath [0x77637BF4+180]

at java.base/jdk.internal.reflect.NativeConstructorAccessorImpl.newInstance0(Native Method)
at java.base/jdk.internal.reflect.NativeConstructorAccessorImpl.newInstance(NativeConstructorAccessorImpl.java:62)
at java.base/jdk.internal.reflect.DelegatingConstructorAccessorImpl.newInstance(DelegatingConstructorAccessorImpl.java:45)
at java.base/java.lang.reflect.Constructor.newInstance(Constructor.java:490)
at org.openqa.selenium.remote.W3CHandshakeResponse.lambda$new$0(W3CHandshakeResponse.java:57)
at org.openqa.selenium.remote.W3CHandshakeResponse.lambda$getResponseFunction$2(W3CHandshakeResponse.java:104)
at org.openqa.selenium.remote.ProtocolHandshake.lambda$createSession$0(ProtocolHandshake.java:122)
at java.base/java.util.stream.ReferencePipeline$3$1.accept(ReferencePipeline.java:195)
at java.base/java.util.Spliterators$ArraySpliterator.tryAdvance(Spliterators.java:958)
at java.base/java.util.stream.ReferencePipeline.forEachWithCancel(ReferencePipeline.java:127)
at java.base/java.util.stream.AbstractPipeline.copyIntoWithCancel(AbstractPipeline.java:502)
at java.base/java.util.stream.AbstractPipeline.copyInto(AbstractPipeline.java:488)
at java.base/java.util.stream.AbstractPipeline.wrapAndCopyInto(AbstractPipeline.java:474)
at java.base/java.util.stream.FindOps$FindOp.evaluateSequential(FindOps.java:150)
at java.base/java.util.stream.AbstractPipeline.evaluate(AbstractPipeline.java:234)
at java.base/java.util.stream.ReferencePipeline.findFirst(ReferencePipeline.java:543)
at org.openqa.selenium.remote.ProtocolHandshake.createSession(ProtocolHandshake.java:125)
at org.openqa.selenium.remote.ProtocolHandshake.createSession(ProtocolHandshake.java:73)
at org.openqa.selenium.remote.HttpCommandExecutor.execute(HttpCommandExecutor.java:136)
at org.openqa.selenium.remote.service.DriverCommandExecutor.execute(DriverCommandExecutor.java:83)
at org.openqa.selenium.remote.RemoteWebDriver.execute(RemoteWebDriver.java:548)
at org.openqa.selenium.remote.RemoteWebDriver.startSession(RemoteWebDriver.java:212)
at org.openqa.selenium.remote.RemoteWebDriver.<init>(RemoteWebDriver.java:130)
at org.openqa.selenium.chrome.ChromeDriver.<init>(ChromeDriver.java:181)
at org.openqa.selenium.chrome.ChromeDriver.<init>(ChromeDriver.java:168)
at org.openqa.selenium.chrome.ChromeDriver.<init>(ChromeDriver.java:123)
at WindowHandeler.HandelWindow.WindowHandler(HandelWindow.java:16)
at java.base/jdk.internal.reflect.NativeMethodAccessorImpl.invoke0(Native Method)
at java.base/jdk.internal.reflect.NativeMethodAccessorImpl.invoke(NativeMethodAccessorImpl.java:62)
at java.base/jdk.internal.reflect.DelegatingMethodAccessorImpl.invoke(DelegatingMethodAccessorImpl.java:43)
at java.base/java.lang.reflect.Method.invoke(Method.java:566)
at org.testng.internal.MethodInvocationHelper.invokeMethod(MethodInvocationHelper.java:124)
at org.testng.internal.Invoker.invokeMethod(Invoker.java:583)
at org.testng.internal.Invoker.invokeTestMethod(Invoker.java:719)
at org.testng.internal.Invoker.invokeTestMethods(Invoker.java:989)
at org.testng.internal.TestMethodWorker.invokeTestMethods(TestMethodWorker.java:125)
at org.testng.internal.TestMethodWorker.run(TestMethodWorker.java:109)
at org.testng.TestRunner.privateRun(TestRunner.java:648)
at org.testng.TestRunner.run(TestRunner.java:505)
at org.testng.SuiteRunner.runTest(SuiteRunner.java:455)
at org.testng.SuiteRunner.runSequentially(SuiteRunner.java:450)
at org.testng.SuiteRunner.privateRun(SuiteRunner.java:415)
at org.testng.SuiteRunner.run(SuiteRunner.java:364)
at org.testng.SuiteRunnerWorker.runSuite(SuiteRunnerWorker.java:52)
at org.testng.SuiteRunnerWorker.run(SuiteRunnerWorker.java:84)
at org.testng.TestNG.runSuitesSequentially(TestNG.java:1208)
at org.testng.TestNG.runSuitesLocally(TestNG.java:1137)
at org.testng.TestNG.runSuites(TestNG.java:1049)
at org.testng.TestNG.run(TestNG.java:1017)
at org.testng.remote.AbstractRemoteTestNG.run(AbstractRemoteTestNG.java:115)
at org.testng.remote.RemoteTestNG.initAndRun(RemoteTestNG.java:251)
at org.testng.remote.RemoteTestNG.main(RemoteTestNG.java:77)
]]>
    </error>
  </testcase> <!-- WindowHandler -->
</testsuite> <!-- WindowHandeler.HandelWindow -->
